<?xml version="1.0" encoding="UTF-8"?>
<testng-results skipped="0" failed="0" ignored="0" total="2" passed="2">
  <reporter-output>
  </reporter-output>
  <suite name="Suite" duration-ms="35" started-at="2021-02-27T13:15:33Z" finished-at="2021-02-27T13:15:33Z">
    <groups>
    </groups>
    <test name="Test" duration-ms="35" started-at="2021-02-27T13:15:33Z" finished-at="2021-02-27T13:15:33Z">
      <class name="firstPackage.testngExample">
        <test-method status="PASS" signature="test()[pri:0, instance:firstPackage.testngExample@6a41eaa2]" name="test" duration-ms="10" started-at="2021-02-27T13:15:33Z" finished-at="2021-02-27T13:15:33Z">
          <reporter-output>
          </reporter-output>
        </test-method> <!-- test -->
        <test-method status="PASS" signature="test2()[pri:1, instance:firstPackage.testngExample@6a41eaa2]" name="test2" duration-ms="2" started-at="2021-02-27T13:15:33Z" finished-at="2021-02-27T13:15:33Z">
          <reporter-output>
          </reporter-output>
        </test-method> <!-- test2 -->
      </class> <!-- firstPackage.testngExample -->
    </test> <!-- Test -->
  </suite> <!-- Suite -->
</testng-results>
